In file included from ../src/bufferutil.cc:15:0:
../node_modules/nan/nan.h:120:25: error: redefinition of ‘template<class T> v8::Local<T> _NanEnsureLocal(v8::Local<T>)’
 NAN_INLINE v8::Local<T> _NanEnsureLocal(v8::Local<T> val) {
                         ^
../node_modules/nan/nan.h:115:25: note: ‘template<class T> v8::Local<T> _NanEnsureLocal(v8::Handle<T>)’ previously declared here
 NAN_INLINE v8::Local<T> _NanEnsureLocal(v8::Handle<T> val) {
                         ^
../node_modules/nan/nan.h: In function ‘v8::Local<v8::Signature> NanNew(v8::Handle<v8::FunctionTemplate>, int, v8::Handle<v8::FunctionTemplate>*)’:
../node_modules/nan/nan.h:207:78: error: no matching function for call to ‘v8::Signature::New(v8::Isolate*, v8::Handle<v8::FunctionTemplate>&, int&, v8::Handle<v8::FunctionTemplate>*&)’
     return v8::Signature::New(v8::Isolate::GetCurrent(), receiver, argc, argv);
                                                                              ^
In file included from ../src/bufferutil.cc:7:0:
/home/kolban/.node-gyp/4.4.2/include/node/v8.h:4675:27: note: candidate: static v8::Local<v8::Signature> v8::Signature::New(v8::Isolate*, v8::Local<v8::FunctionTemplate>)
   static Local<Signature> New(
                           ^
/home/kolban/.node-gyp/4.4.2/include/node/v8.h:4675:27: note:   candidate expects 2 arguments, 4 provided
In file included from ../src/bufferutil.cc:15:0:
../node_modules/nan/nan.h: At global scope:
../node_modules/nan/nan.h:289:3: error: redefinition of ‘v8::Local<T> NanNew(P) [with T = v8::StringObject; P = v8::Local<v8::String>]’
   NanNew<v8::StringObject, v8::Handle<v8::String> >(
   ^
../node_modules/nan/nan.h:282:3: note: ‘v8::Local<T> NanNew(P) [with T = v8::StringObject; P = v8::Local<v8::String>]’ previously declared here
   NanNew<v8::StringObject, v8::Local<v8::String> >(
   ^
../node_modules/nan/nan.h:307:36: error: redefinition of ‘template<class T> v8::Local<v8::RegExp> NanNew(v8::Local<v8::String>, v8::RegExp::Flags)’
   NAN_INLINE v8::Local<v8::RegExp> NanNew(
                                    ^
../node_modules/nan/nan.h:301:36: note: ‘template<class T> v8::Local<v8::RegExp> NanNew(v8::Handle<v8::String>, v8::RegExp::Flags)’ previously declared here
   NAN_INLINE v8::Local<v8::RegExp> NanNew(
                                    ^
../node_modules/nan/nan.h:319:36: error: redefinition of ‘template<class T, class P> v8::Local<v8::RegExp> NanNew(v8::Local<v8::String>, v8::RegExp::Flags)’
   NAN_INLINE v8::Local<v8::RegExp> NanNew(
                                    ^
../node_modules/nan/nan.h:313:36: note: ‘template<class T, class P> v8::Local<v8::RegExp> NanNew(v8::Handle<v8::String>, v8::RegExp::Flags)’ previously declared here
   NAN_INLINE v8::Local<v8::RegExp> NanNew(
                                    ^
../node_modules/nan/nan.h:778:13: error: ‘node::smalloc’ has not been declared
     , node::smalloc::FreeCallback callback
             ^
../node_modules/nan/nan.h:778:35: error: expected ‘,’ or ‘...’ before ‘callback’
     , node::smalloc::FreeCallback callback
                                   ^
../node_modules/nan/nan.h: In function ‘v8::Local<v8::Object> NanNewBufferHandle(char*, size_t, int)’:
../node_modules/nan/nan.h:782:50: error: ‘callback’ was not declared in this scope
         v8::Isolate::GetCurrent(), data, length, callback, hint);
                                                  ^
../node_modules/nan/nan.h:782:60: error: ‘hint’ was not declared in this scope
         v8::Isolate::GetCurrent(), data, length, callback, hint);
                                                            ^
../node_modules/nan/nan.h: In function ‘v8::Local<v8::Object> NanNewBufferHandle(const char*, uint32_t)’:
../node_modules/nan/nan.h:789:67: error: no matching function for call to ‘New(v8::Isolate*, const char*&, uint32_t&)’
     return node::Buffer::New(v8::Isolate::GetCurrent(), data, size);
                                                                   ^
In file included from ../src/bufferutil.cc:9:0:
/home/kolban/.node-gyp/4.4.2/include/node/node_buffer.h:31:40: note: candidate: v8::MaybeLocal<v8::Object> node::Buffer::New(v8::Isolate*, v8::Local<v8::String>, node::encoding) <near match>
 NODE_EXTERN v8::MaybeLocal<v8::Object> New(v8::Isolate* isolate,
                                        ^
/home/kolban/.node-gyp/4.4.2/include/node/node_buffer.h:31:40: note:   conversion of argument 3 would be ill-formed:
In file included from ../src/bufferutil.cc:15:0:
../node_modules/nan/nan.h:789:67: error: invalid conversion from ‘uint32_t {aka unsigned int}’ to ‘node::encoding’ [-fpermissive]
     return node::Buffer::New(v8::Isolate::GetCurrent(), data, size);
                                                                   ^
In file included from ../src/bufferutil.cc:9:0:
/home/kolban/.node-gyp/4.4.2/include/node/node_buffer.h:43:40: note: candidate: v8::MaybeLocal<v8::Object> node::Buffer::New(v8::Isolate*, char*, size_t) <near match>
 NODE_EXTERN v8::MaybeLocal<v8::Object> New(v8::Isolate* isolate,
                                        ^
/home/kolban/.node-gyp/4.4.2/include/node/node_buffer.h:43:40: note:   conversion of argument 2 would be ill-formed:
In file included from ../src/bufferutil.cc:15:0:
../node_modules/nan/nan.h:789:67: error: invalid conversion from ‘const char*’ to ‘char*’ [-fpermissive]
     return node::Buffer::New(v8::Isolate::GetCurrent(), data, size);
                                                                   ^
../node_modules/nan/nan.h: In function ‘v8::Local<v8::Object> NanNewBufferHandle(uint32_t)’:
../node_modules/nan/nan.h:793:29: error: could not convert ‘node::Buffer::New(v8::Isolate::GetCurrent(), ((size_t)size))’ from ‘v8::MaybeLocal<v8::Object>’ to ‘v8::Local<v8::Object>’
     return node::Buffer::New(v8::Isolate::GetCurrent(), size);
                             ^
../node_modules/nan/nan.h: In function ‘v8::Local<v8::Object> NanBufferUse(char*, uint32_t)’:
../node_modules/nan/nan.h:800:12: error: ‘Use’ is not a member of ‘node::Buffer’
     return node::Buffer::Use(v8::Isolate::GetCurrent(), data, size);
            ^
../src/bufferutil.cc: In static member function ‘static void BufferUtil::Initialize(v8::Handle<v8::Object>)’:
../src/bufferutil.cc:32:17: warning: ‘v8::Local<v8::String> NanSymbol(const char*, int)’ is deprecated [-Wdeprecated-declarations]
     target->Set(NanSymbol("BufferUtil"), t->GetFunction());
                 ^
In file included from ../src/bufferutil.cc:15:0:
../node_modules/nan/nan.h:616:51: note: declared here
   NAN_DEPRECATED NAN_INLINE v8::Local<v8::String> NanSymbol(
                                                   ^
../src/bufferutil.cc:32:17: warning: ‘v8::Local<v8::String> NanSymbol(const char*, int)’ is deprecated [-Wdeprecated-declarations]
     target->Set(NanSymbol("BufferUtil"), t->GetFunction());
                 ^
In file included from ../src/bufferutil.cc:15:0:
../node_modules/nan/nan.h:616:51: note: declared here
   NAN_DEPRECATED NAN_INLINE v8::Local<v8::String> NanSymbol(
                                                   ^
../src/bufferutil.cc:32:39: warning: ‘v8::Local<v8::String> NanSymbol(const char*, int)’ is deprecated [-Wdeprecated-declarations]
     target->Set(NanSymbol("BufferUtil"), t->GetFunction());
                                       ^
In file included from ../src/bufferutil.cc:15:0:
../node_modules/nan/nan.h:616:51: note: declared here
   NAN_DEPRECATED NAN_INLINE v8::Local<v8::String> NanSymbol(
                                                   ^
make[1]: *** [Release/obj.target/bufferutil/src/bufferutil.o] Error 1
gyp ERR! build error 
gyp ERR! stack Error: `make` failed with exit code: 2
gyp ERR! stack     at ChildProcess.onExit (/usr/lib/node_modules/npm/node_modules/node-gyp/lib/build.js:276:23)
gyp ERR! stack     at emitTwo (events.js:87:13)
gyp ERR! stack     at ChildProcess.emit (events.js:172:7)
gyp ERR! stack     at Process.ChildProcess._handle.onexit (internal/child_process.js:200:12)
gyp ERR! System Linux 4.4.0-53-generic
gyp ERR! command "/usr/bin/nodejs" "/usr/lib/node_modules/npm/node_modules/node-gyp/bin/node-gyp.js" "rebuild"
gyp ERR! cwd /home/kolban/esp32/esptest/apps/workspace/duktape/components/duktape/debugger/node_modules/socket.io/node_modules/engine.io/node_modules/ws
gyp ERR! node -v v4.4.2
gyp ERR! node-gyp -v v3.3.1
gyp ERR! not ok 
