In file included from ../src/bufferutil.cc:15:0:
/home/kolban/esp32/esptest/apps/workspace/duktape/components/duktape/debugger/node_modules/socket.io/node_modules/socket.io-client/node_modules/engine.io-client/node_modules/ws/node_modules/nan/nan.h: In function ‘void NanThrowError(const char*)’:
/home/kolban/esp32/esptest/apps/workspace/duktape/components/duktape/debugger/node_modules/socket.io/node_modules/socket.io-client/node_modules/engine.io-client/node_modules/ws/node_modules/nan/nan.h:209:7: error: ‘ThrowException’ is not a member of ‘v8’
       v8::ThrowException(fun(v8::String::New(errmsg)));                        \
       ^
/home/kolban/esp32/esptest/apps/workspace/duktape/components/duktape/debugger/node_modules/socket.io/node_modules/socket.io-client/node_modules/engine.io-client/node_modules/ws/node_modules/nan/nan.h:213:5: note: in expansion of macro ‘_NAN_THROW_ERROR’
     _NAN_THROW_ERROR(v8::Exception::Error, errmsg);
     ^
/home/kolban/esp32/esptest/apps/workspace/duktape/components/duktape/debugger/node_modules/socket.io/node_modules/socket.io-client/node_modules/engine.io-client/node_modules/ws/node_modules/nan/nan.h:209:30: error: ‘New’ is not a member of ‘v8::String’
       v8::ThrowException(fun(v8::String::New(errmsg)));                        \
                              ^
/home/kolban/esp32/esptest/apps/workspace/duktape/components/duktape/debugger/node_modules/socket.io/node_modules/socket.io-client/node_modules/engine.io-client/node_modules/ws/node_modules/nan/nan.h:213:5: note: in expansion of macro ‘_NAN_THROW_ERROR’
     _NAN_THROW_ERROR(v8::Exception::Error, errmsg);
     ^
/home/kolban/esp32/esptest/apps/workspace/duktape/components/duktape/debugger/node_modules/socket.io/node_modules/socket.io-client/node_modules/engine.io-client/node_modules/ws/node_modules/nan/nan.h: In function ‘void NanThrowError(v8::Handle<v8::Value>)’:
/home/kolban/esp32/esptest/apps/workspace/duktape/components/duktape/debugger/node_modules/socket.io/node_modules/socket.io-client/node_modules/engine.io-client/node_modules/ws/node_modules/nan/nan.h:218:5: error: ‘ThrowException’ is not a member of ‘v8’
     v8::ThrowException(error);
     ^
/home/kolban/esp32/esptest/apps/workspace/duktape/components/duktape/debugger/node_modules/socket.io/node_modules/socket.io-client/node_modules/engine.io-client/node_modules/ws/node_modules/nan/nan.h: In function ‘void NanThrowError(const char*, int)’:
/home/kolban/esp32/esptest/apps/workspace/duktape/components/duktape/debugger/node_modules/socket.io/node_modules/socket.io-client/node_modules/engine.io-client/node_modules/ws/node_modules/nan/nan.h:222:53: error: ‘New’ is not a member of ‘v8::String’
     v8::Local<v8::Value> err = v8::Exception::Error(v8::String::New(msg));
                                                     ^
/home/kolban/esp32/esptest/apps/workspace/duktape/components/duktape/debugger/node_modules/socket.io/node_modules/socket.io-client/node_modules/engine.io-client/node_modules/ws/node_modules/nan/nan.h:224:14: error: ‘New’ is not a member of ‘v8::String’
     obj->Set(v8::String::New("code"), v8::Int32::New(errorNumber));
              ^
/home/kolban/esp32/esptest/apps/workspace/duktape/components/duktape/debugger/node_modules/socket.io/node_modules/socket.io-client/node_modules/engine.io-client/node_modules/ws/node_modules/nan/nan.h:224:65: error: no matching function for call to ‘v8::Int32::New(const int&)’
     obj->Set(v8::String::New("code"), v8::Int32::New(errorNumber));
                                                                 ^
In file included from ../src/bufferutil.cc:7:0:
/home/kolban/.node-gyp/4.4.2/include/node/v8.h:2499:25: note: candidate: static v8::Local<v8::Integer> v8::Integer::New(v8::Isolate*, int32_t)
   static Local<Integer> New(Isolate* isolate, int32_t value);
                         ^
/home/kolban/.node-gyp/4.4.2/include/node/v8.h:2499:25: note:   candidate expects 2 arguments, 1 provided
In file included from ../src/bufferutil.cc:15:0:
/home/kolban/esp32/esptest/apps/workspace/duktape/components/duktape/debugger/node_modules/socket.io/node_modules/socket.io-client/node_modules/engine.io-client/node_modules/ws/node_modules/nan/nan.h: In function ‘void NanThrowTypeError(const char*)’:
/home/kolban/esp32/esptest/apps/workspace/duktape/components/duktape/debugger/node_modules/socket.io/node_modules/socket.io-client/node_modules/engine.io-client/node_modules/ws/node_modules/nan/nan.h:209:7: error: ‘ThrowException’ is not a member of ‘v8’
       v8::ThrowException(fun(v8::String::New(errmsg)));                        \
       ^
/home/kolban/esp32/esptest/apps/workspace/duktape/components/duktape/debugger/node_modules/socket.io/node_modules/socket.io-client/node_modules/engine.io-client/node_modules/ws/node_modules/nan/nan.h:229:5: note: in expansion of macro ‘_NAN_THROW_ERROR’
     _NAN_THROW_ERROR(v8::Exception::TypeError, errmsg);
     ^
/home/kolban/esp32/esptest/apps/workspace/duktape/components/duktape/debugger/node_modules/socket.io/node_modules/socket.io-client/node_modules/engine.io-client/node_modules/ws/node_modules/nan/nan.h:209:30: error: ‘New’ is not a member of ‘v8::String’
       v8::ThrowException(fun(v8::String::New(errmsg)));                        \
                              ^
/home/kolban/esp32/esptest/apps/workspace/duktape/components/duktape/debugger/node_modules/socket.io/node_modules/socket.io-client/node_modules/engine.io-client/node_modules/ws/node_modules/nan/nan.h:229:5: note: in expansion of macro ‘_NAN_THROW_ERROR’
     _NAN_THROW_ERROR(v8::Exception::TypeError, errmsg);
     ^
/home/kolban/esp32/esptest/apps/workspace/duktape/components/duktape/debugger/node_modules/socket.io/node_modules/socket.io-client/node_modules/engine.io-client/node_modules/ws/node_modules/nan/nan.h: In function ‘void NanThrowRangeError(const char*)’:
/home/kolban/esp32/esptest/apps/workspace/duktape/components/duktape/debugger/node_modules/socket.io/node_modules/socket.io-client/node_modules/engine.io-client/node_modules/ws/node_modules/nan/nan.h:209:7: error: ‘ThrowException’ is not a member of ‘v8’
       v8::ThrowException(fun(v8::String::New(errmsg)));                        \
       ^
/home/kolban/esp32/esptest/apps/workspace/duktape/components/duktape/debugger/node_modules/socket.io/node_modules/socket.io-client/node_modules/engine.io-client/node_modules/ws/node_modules/nan/nan.h:233:5: note: in expansion of macro ‘_NAN_THROW_ERROR’
     _NAN_THROW_ERROR(v8::Exception::RangeError, errmsg);
     ^
/home/kolban/esp32/esptest/apps/workspace/duktape/components/duktape/debugger/node_modules/socket.io/node_modules/socket.io-client/node_modules/engine.io-client/node_modules/ws/node_modules/nan/nan.h:209:30: error: ‘New’ is not a member of ‘v8::String’
       v8::ThrowException(fun(v8::String::New(errmsg)));                        \
                              ^
/home/kolban/esp32/esptest/apps/workspace/duktape/components/duktape/debugger/node_modules/socket.io/node_modules/socket.io-client/node_modules/engine.io-client/node_modules/ws/node_modules/nan/nan.h:233:5: note: in expansion of macro ‘_NAN_THROW_ERROR’
     _NAN_THROW_ERROR(v8::Exception::RangeError, errmsg);
     ^
/home/kolban/esp32/esptest/apps/workspace/duktape/components/duktape/debugger/node_modules/socket.io/node_modules/socket.io-client/node_modules/engine.io-client/node_modules/ws/node_modules/nan/nan.h: At global scope:
/home/kolban/esp32/esptest/apps/workspace/duktape/components/duktape/debugger/node_modules/socket.io/node_modules/socket.io-client/node_modules/engine.io-client/node_modules/ws/node_modules/nan/nan.h:244:13: error: ‘node::smalloc’ has not been declared
       node::smalloc::FreeCallback callback,
             ^
/home/kolban/esp32/esptest/apps/workspace/duktape/components/duktape/debugger/node_modules/socket.io/node_modules/socket.io-client/node_modules/engine.io-client/node_modules/ws/node_modules/nan/nan.h:244:35: error: expected ‘,’ or ‘...’ before ‘callback’
       node::smalloc::FreeCallback callback,
                                   ^
/home/kolban/esp32/esptest/apps/workspace/duktape/components/duktape/debugger/node_modules/socket.io/node_modules/socket.io-client/node_modules/engine.io-client/node_modules/ws/node_modules/nan/nan.h: In function ‘v8::Local<v8::Object> NanNewBufferHandle(char*, size_t, int)’:
/home/kolban/esp32/esptest/apps/workspace/duktape/components/duktape/debugger/node_modules/socket.io/node_modules/socket.io-client/node_modules/engine.io-client/node_modules/ws/node_modules/nan/nan.h:246:44: error: ‘callback’ was not declared in this scope
     return node::Buffer::New(data, length, callback, hint);
                                            ^
/home/kolban/esp32/esptest/apps/workspace/duktape/components/duktape/debugger/node_modules/socket.io/node_modules/socket.io-client/node_modules/engine.io-client/node_modules/ws/node_modules/nan/nan.h:246:54: error: ‘hint’ was not declared in this scope
     return node::Buffer::New(data, length, callback, hint);
                                                      ^
/home/kolban/esp32/esptest/apps/workspace/duktape/components/duktape/debugger/node_modules/socket.io/node_modules/socket.io-client/node_modules/engine.io-client/node_modules/ws/node_modules/nan/nan.h: In function ‘v8::Local<v8::Object> NanNewBufferHandle(char*, uint32_t)’:
/home/kolban/esp32/esptest/apps/workspace/duktape/components/duktape/debugger/node_modules/socket.io/node_modules/socket.io-client/node_modules/engine.io-client/node_modules/ws/node_modules/nan/nan.h:251:40: error: no matching function for call to ‘New(char*&, uint32_t&)’
     return node::Buffer::New(data, size);
                                        ^
In file included from ../src/bufferutil.cc:9:0:
/home/kolban/.node-gyp/4.4.2/include/node/node_buffer.h:28:40: note: candidate: v8::MaybeLocal<v8::Object> node::Buffer::New(v8::Isolate*, size_t)
 NODE_EXTERN v8::MaybeLocal<v8::Object> New(v8::Isolate* isolate, size_t length);
                                        ^
/home/kolban/.node-gyp/4.4.2/include/node/node_buffer.h:28:40: note:   no known conversion for argument 1 from ‘char*’ to ‘v8::Isolate*’
/home/kolban/.node-gyp/4.4.2/include/node/node_buffer.h:31:40: note: candidate: v8::MaybeLocal<v8::Object> node::Buffer::New(v8::Isolate*, v8::Local<v8::String>, node::encoding)
 NODE_EXTERN v8::MaybeLocal<v8::Object> New(v8::Isolate* isolate,
                                        ^
/home/kolban/.node-gyp/4.4.2/include/node/node_buffer.h:31:40: note:   no known conversion for argument 1 from ‘char*’ to ‘v8::Isolate*’
/home/kolban/.node-gyp/4.4.2/include/node/node_buffer.h:36:40: note: candidate: v8::MaybeLocal<v8::Object> node::Buffer::New(v8::Isolate*, char*, size_t, node::Buffer::FreeCallback, void*)
 NODE_EXTERN v8::MaybeLocal<v8::Object> New(v8::Isolate* isolate,
                                        ^
/home/kolban/.node-gyp/4.4.2/include/node/node_buffer.h:36:40: note:   candidate expects 5 arguments, 2 provided
/home/kolban/.node-gyp/4.4.2/include/node/node_buffer.h:43:40: note: candidate: v8::MaybeLocal<v8::Object> node::Buffer::New(v8::Isolate*, char*, size_t)
 NODE_EXTERN v8::MaybeLocal<v8::Object> New(v8::Isolate* isolate,
                                        ^
/home/kolban/.node-gyp/4.4.2/include/node/node_buffer.h:43:40: note:   candidate expects 3 arguments, 2 provided
In file included from ../src/bufferutil.cc:15:0:
/home/kolban/esp32/esptest/apps/workspace/duktape/components/duktape/debugger/node_modules/socket.io/node_modules/socket.io-client/node_modules/engine.io-client/node_modules/ws/node_modules/nan/nan.h: In function ‘v8::Local<v8::Object> NanNewBufferHandle(uint32_t)’:
/home/kolban/esp32/esptest/apps/workspace/duktape/components/duktape/debugger/node_modules/socket.io/node_modules/socket.io-client/node_modules/engine.io-client/node_modules/ws/node_modules/nan/nan.h:255:34: error: no matching function for call to ‘New(uint32_t&)’
     return node::Buffer::New(size);
                                  ^
In file included from ../src/bufferutil.cc:9:0:
/home/kolban/.node-gyp/4.4.2/include/node/node_buffer.h:28:40: note: candidate: v8::MaybeLocal<v8::Object> node::Buffer::New(v8::Isolate*, size_t)
 NODE_EXTERN v8::MaybeLocal<v8::Object> New(v8::Isolate* isolate, size_t length);
                                        ^
/home/kolban/.node-gyp/4.4.2/include/node/node_buffer.h:28:40: note:   candidate expects 2 arguments, 1 provided
/home/kolban/.node-gyp/4.4.2/include/node/node_buffer.h:31:40: note: candidate: v8::MaybeLocal<v8::Object> node::Buffer::New(v8::Isolate*, v8::Local<v8::String>, node::encoding)
 NODE_EXTERN v8::MaybeLocal<v8::Object> New(v8::Isolate* isolate,
                                        ^
/home/kolban/.node-gyp/4.4.2/include/node/node_buffer.h:31:40: note:   candidate expects 3 arguments, 1 provided
/home/kolban/.node-gyp/4.4.2/include/node/node_buffer.h:36:40: note: candidate: v8::MaybeLocal<v8::Object> node::Buffer::New(v8::Isolate*, char*, size_t, node::Buffer::FreeCallback, void*)
 NODE_EXTERN v8::MaybeLocal<v8::Object> New(v8::Isolate* isolate,
                                        ^
/home/kolban/.node-gyp/4.4.2/include/node/node_buffer.h:36:40: note:   candidate expects 5 arguments, 1 provided
/home/kolban/.node-gyp/4.4.2/include/node/node_buffer.h:43:40: note: candidate: v8::MaybeLocal<v8::Object> node::Buffer::New(v8::Isolate*, char*, size_t)
 NODE_EXTERN v8::MaybeLocal<v8::Object> New(v8::Isolate* isolate,
                                        ^
/home/kolban/.node-gyp/4.4.2/include/node/node_buffer.h:43:40: note:   candidate expects 3 arguments, 1 provided
In file included from ../src/bufferutil.cc:15:0:
/home/kolban/esp32/esptest/apps/workspace/duktape/components/duktape/debugger/node_modules/socket.io/node_modules/socket.io-client/node_modules/engine.io-client/node_modules/ws/node_modules/nan/nan.h: In function ‘v8::Local<v8::Object> NanBufferUse(char*, uint32_t)’:
/home/kolban/esp32/esptest/apps/workspace/duktape/components/duktape/debugger/node_modules/socket.io/node_modules/socket.io-client/node_modules/engine.io-client/node_modules/ws/node_modules/nan/nan.h:259:12: error: ‘Use’ is not a member of ‘node::Buffer’
     return node::Buffer::Use(data, size);
            ^
/home/kolban/esp32/esptest/apps/workspace/duktape/components/duktape/debugger/node_modules/socket.io/node_modules/socket.io-client/node_modules/engine.io-client/node_modules/ws/node_modules/nan/nan.h: In constructor ‘NanCallback::NanCallback(const v8::Local<v8::Function>&)’:
/home/kolban/esp32/esptest/apps/workspace/duktape/components/duktape/debugger/node_modules/socket.io/node_modules/socket.io-client/node_modules/engine.io-client/node_modules/ws/node_modules/nan/nan.h:450:49: error: no matching function for call to ‘v8::Object::New()’
     v8::Local<v8::Object> obj = v8::Object::New();
                                                 ^
In file included from ../src/bufferutil.cc:7:0:
/home/kolban/.node-gyp/4.4.2/include/node/v8.h:2933:24: note: candidate: static v8::Local<v8::Object> v8::Object::New(v8::Isolate*)
   static Local<Object> New(Isolate* isolate);
                        ^
/home/kolban/.node-gyp/4.4.2/include/node/v8.h:2933:24: note:   candidate expects 1 argument, 0 provided
In file included from ../src/bufferutil.cc:15:0:
/home/kolban/esp32/esptest/apps/workspace/duktape/components/duktape/debugger/node_modules/socket.io/node_modules/socket.io-client/node_modules/engine.io-client/node_modules/ws/node_modules/nan/nan.h:103:26: error: ‘NewSymbol’ is not a member of ‘v8::String’
 #define NanSymbol(value) v8::String::NewSymbol(value)
                          ^
/home/kolban/esp32/esptest/apps/workspace/duktape/components/duktape/debugger/node_modules/socket.io/node_modules/socket.io-client/node_modules/engine.io-client/node_modules/ws/node_modules/nan/nan.h:451:14: note: in expansion of macro ‘NanSymbol’
     obj->Set(NanSymbol("callback"), fn);
              ^
/home/kolban/esp32/esptest/apps/workspace/duktape/components/duktape/debugger/node_modules/socket.io/node_modules/socket.io-client/node_modules/engine.io-client/node_modules/ws/node_modules/nan/nan.h: In destructor ‘NanCallback::~NanCallback()’:
/home/kolban/esp32/esptest/apps/workspace/duktape/components/duktape/debugger/node_modules/socket.io/node_modules/socket.io-client/node_modules/engine.io-client/node_modules/ws/node_modules/nan/nan.h:457:12: error: ‘class v8::Persistent<v8::Object>’ has no member named ‘Dispose’
     handle.Dispose();
            ^
/home/kolban/esp32/esptest/apps/workspace/duktape/components/duktape/debugger/node_modules/socket.io/node_modules/socket.io-client/node_modules/engine.io-client/node_modules/ws/node_modules/nan/nan.h:458:12: error: ‘class v8::Persistent<v8::Object>’ has no member named ‘Clear’
     handle.Clear();
            ^
/home/kolban/esp32/esptest/apps/workspace/duktape/components/duktape/debugger/node_modules/socket.io/node_modules/socket.io-client/node_modules/engine.io-client/node_modules/ws/node_modules/nan/nan.h: In member function ‘v8::Local<v8::Function> NanCallback::GetFunction()’:
/home/kolban/esp32/esptest/apps/workspace/duktape/components/duktape/debugger/node_modules/socket.io/node_modules/socket.io-client/node_modules/engine.io-client/node_modules/ws/node_modules/nan/nan.h:103:26: error: ‘NewSymbol’ is not a member of ‘v8::String’
 #define NanSymbol(value) v8::String::NewSymbol(value)
                          ^
/home/kolban/esp32/esptest/apps/workspace/duktape/components/duktape/debugger/node_modules/socket.io/node_modules/socket.io-client/node_modules/engine.io-client/node_modules/ws/node_modules/nan/nan.h:462:46: note: in expansion of macro ‘NanSymbol’
     return NanPersistentToLocal(handle)->Get(NanSymbol("callback"))
                                              ^
/home/kolban/esp32/esptest/apps/workspace/duktape/components/duktape/debugger/node_modules/socket.io/node_modules/socket.io-client/node_modules/engine.io-client/node_modules/ws/node_modules/nan/nan.h:463:25: error: expected primary-expression before ‘>’ token
         .As<v8::Function>();
                         ^
/home/kolban/esp32/esptest/apps/workspace/duktape/components/duktape/debugger/node_modules/socket.io/node_modules/socket.io-client/node_modules/engine.io-client/node_modules/ws/node_modules/nan/nan.h:463:27: error: expected primary-expression before ‘)’ token
         .As<v8::Function>();
                           ^
/home/kolban/esp32/esptest/apps/workspace/duktape/components/duktape/debugger/node_modules/socket.io/node_modules/socket.io-client/node_modules/engine.io-client/node_modules/ws/node_modules/nan/nan.h: In member function ‘void NanCallback::Call(int, v8::Local<v8::Value>*)’:
/home/kolban/esp32/esptest/apps/workspace/duktape/components/duktape/debugger/node_modules/socket.io/node_modules/socket.io-client/node_modules/engine.io-client/node_modules/ws/node_modules/nan/nan.h:103:26: error: ‘NewSymbol’ is not a member of ‘v8::String’
 #define NanSymbol(value) v8::String::NewSymbol(value)
                          ^
/home/kolban/esp32/esptest/apps/workspace/duktape/components/duktape/debugger/node_modules/socket.io/node_modules/socket.io-client/node_modules/engine.io-client/node_modules/ws/node_modules/nan/nan.h:475:12: note: in expansion of macro ‘NanSymbol’
        Get(NanSymbol("callback")).As<v8::Function>();
            ^
/home/kolban/esp32/esptest/apps/workspace/duktape/components/duktape/debugger/node_modules/socket.io/node_modules/socket.io-client/node_modules/engine.io-client/node_modules/ws/node_modules/nan/nan.h:475:50: error: expected primary-expression before ‘>’ token
        Get(NanSymbol("callback")).As<v8::Function>();
                                                  ^
/home/kolban/esp32/esptest/apps/workspace/duktape/components/duktape/debugger/node_modules/socket.io/node_modules/socket.io-client/node_modules/engine.io-client/node_modules/ws/node_modules/nan/nan.h:475:52: error: expected primary-expression before ‘)’ token
        Get(NanSymbol("callback")).As<v8::Function>();
                                                    ^
/home/kolban/esp32/esptest/apps/workspace/duktape/components/duktape/debugger/node_modules/socket.io/node_modules/socket.io-client/node_modules/engine.io-client/node_modules/ws/node_modules/nan/nan.h:477:20: error: ‘GetCurrent’ is not a member of ‘v8::Context’
     callback->Call(v8::Context::GetCurrent()->Global(), argc, argv);
                    ^
/home/kolban/esp32/esptest/apps/workspace/duktape/components/duktape/debugger/node_modules/socket.io/node_modules/socket.io-client/node_modules/engine.io-client/node_modules/ws/node_modules/nan/nan.h:479:37: warning: ‘void node::FatalException(const v8::TryCatch&)’ is deprecated: Use FatalException(isolate, ...) [-Wdeprecated-declarations]
       node::FatalException(try_catch);
                                     ^
In file included from ../src/bufferutil.cc:8:0:
/home/kolban/.node-gyp/4.4.2/include/node/node.h:283:29: note: declared here
                 inline void FatalException(const v8::TryCatch& try_catch) {
                             ^
/home/kolban/.node-gyp/4.4.2/include/node/node.h:66:42: note: in definition of macro ‘NODE_DEPRECATED’
     __attribute__((deprecated(message))) declarator
                                          ^
In file included from ../src/bufferutil.cc:15:0:
/home/kolban/esp32/esptest/apps/workspace/duktape/components/duktape/debugger/node_modules/socket.io/node_modules/socket.io-client/node_modules/engine.io-client/node_modules/ws/node_modules/nan/nan.h: At global scope:
/home/kolban/esp32/esptest/apps/workspace/duktape/components/duktape/debugger/node_modules/socket.io/node_modules/socket.io-client/node_modules/engine.io-client/node_modules/ws/node_modules/nan/nan.h:518:3: error: ‘uv_work_t’ does not name a type
   uv_work_t request;
   ^
/home/kolban/esp32/esptest/apps/workspace/duktape/components/duktape/debugger/node_modules/socket.io/node_modules/socket.io-client/node_modules/engine.io-client/node_modules/ws/node_modules/nan/nan.h: In constructor ‘NanAsyncWorker::NanAsyncWorker(NanCallback*)’:
/home/kolban/esp32/esptest/apps/workspace/duktape/components/duktape/debugger/node_modules/socket.io/node_modules/socket.io-client/node_modules/engine.io-client/node_modules/ws/node_modules/nan/nan.h:490:5: error: ‘request’ was not declared in this scope
     request.data = this;
     ^
/home/kolban/esp32/esptest/apps/workspace/duktape/components/duktape/debugger/node_modules/socket.io/node_modules/socket.io-client/node_modules/engine.io-client/node_modules/ws/node_modules/nan/nan.h: In member function ‘void NanAsyncWorker::SavePersistent(const char*, v8::Local<v8::Object>&)’:
/home/kolban/esp32/esptest/apps/workspace/duktape/components/duktape/debugger/node_modules/socket.io/node_modules/socket.io-client/node_modules/engine.io-client/node_modules/ws/node_modules/nan/nan.h:103:26: error: ‘NewSymbol’ is not a member of ‘v8::String’
 #define NanSymbol(value) v8::String::NewSymbol(value)
                          ^
/home/kolban/esp32/esptest/apps/workspace/duktape/components/duktape/debugger/node_modules/socket.io/node_modules/socket.io-client/node_modules/engine.io-client/node_modules/ws/node_modules/nan/nan.h:529:17: note: in expansion of macro ‘NanSymbol’
     handle->Set(NanSymbol(key), obj);
                 ^
/home/kolban/esp32/esptest/apps/workspace/duktape/components/duktape/debugger/node_modules/socket.io/node_modules/socket.io-client/node_modules/engine.io-client/node_modules/ws/node_modules/nan/nan.h: In member function ‘v8::Local<v8::Object> NanAsyncWorker::GetFromPersistent(const char*)’:
/home/kolban/esp32/esptest/apps/workspace/duktape/components/duktape/debugger/node_modules/socket.io/node_modules/socket.io-client/node_modules/engine.io-client/node_modules/ws/node_modules/nan/nan.h:103:26: error: ‘NewSymbol’ is not a member of ‘v8::String’
 #define NanSymbol(value) v8::String::NewSymbol(value)
                          ^
/home/kolban/esp32/esptest/apps/workspace/duktape/components/duktape/debugger/node_modules/socket.io/node_modules/socket.io-client/node_modules/engine.io-client/node_modules/ws/node_modules/nan/nan.h:536:24: note: in expansion of macro ‘NanSymbol’
     return handle->Get(NanSymbol(key)).As<v8::Object>();
                        ^
/home/kolban/esp32/esptest/apps/workspace/duktape/components/duktape/debugger/node_modules/socket.io/node_modules/socket.io-client/node_modules/engine.io-client/node_modules/ws/node_modules/nan/nan.h:536:53: error: expected primary-expression before ‘>’ token
     return handle->Get(NanSymbol(key)).As<v8::Object>();
                                                     ^
/home/kolban/esp32/esptest/apps/workspace/duktape/components/duktape/debugger/node_modules/socket.io/node_modules/socket.io-client/node_modules/engine.io-client/node_modules/ws/node_modules/nan/nan.h:536:55: error: expected primary-expression before ‘)’ token
     return handle->Get(NanSymbol(key)).As<v8::Object>();
                                                       ^
/home/kolban/esp32/esptest/apps/workspace/duktape/components/duktape/debugger/node_modules/socket.io/node_modules/socket.io-client/node_modules/engine.io-client/node_modules/ws/node_modules/nan/nan.h: In member function ‘virtual void NanAsyncWorker::HandleErrorCallback()’:
/home/kolban/esp32/esptest/apps/workspace/duktape/components/duktape/debugger/node_modules/socket.io/node_modules/socket.io-client/node_modules/engine.io-client/node_modules/ws/node_modules/nan/nan.h:549:30: error: ‘New’ is not a member of ‘v8::String’
         v8::Exception::Error(v8::String::New(errmsg))
                              ^
/home/kolban/esp32/esptest/apps/workspace/duktape/components/duktape/debugger/node_modules/socket.io/node_modules/socket.io-client/node_modules/engine.io-client/node_modules/ws/node_modules/nan/nan.h: At global scope:
/home/kolban/esp32/esptest/apps/workspace/duktape/components/duktape/debugger/node_modules/socket.io/node_modules/socket.io-client/node_modules/engine.io-client/node_modules/ws/node_modules/nan/nan.h:555:30: error: variable or field ‘NanAsyncExecute’ declared void
 inline void NanAsyncExecute (uv_work_t* req) {
                              ^
/home/kolban/esp32/esptest/apps/workspace/duktape/components/duktape/debugger/node_modules/socket.io/node_modules/socket.io-client/node_modules/engine.io-client/node_modules/ws/node_modules/nan/nan.h:555:30: error: ‘uv_work_t’ was not declared in this scope
/home/kolban/esp32/esptest/apps/workspace/duktape/components/duktape/debugger/node_modules/socket.io/node_modules/socket.io-client/node_modules/engine.io-client/node_modules/ws/node_modules/nan/nan.h:555:41: error: ‘req’ was not declared in this scope
 inline void NanAsyncExecute (uv_work_t* req) {
                                         ^
/home/kolban/esp32/esptest/apps/workspace/duktape/components/duktape/debugger/node_modules/socket.io/node_modules/socket.io-client/node_modules/engine.io-client/node_modules/ws/node_modules/nan/nan.h:560:38: error: variable or field ‘NanAsyncExecuteComplete’ declared void
 inline void NanAsyncExecuteComplete (uv_work_t* req) {
                                      ^
/home/kolban/esp32/esptest/apps/workspace/duktape/components/duktape/debugger/node_modules/socket.io/node_modules/socket.io-client/node_modules/engine.io-client/node_modules/ws/node_modules/nan/nan.h:560:38: error: ‘uv_work_t’ was not declared in this scope
/home/kolban/esp32/esptest/apps/workspace/duktape/components/duktape/debugger/node_modules/socket.io/node_modules/socket.io-client/node_modules/engine.io-client/node_modules/ws/node_modules/nan/nan.h:560:49: error: ‘req’ was not declared in this scope
 inline void NanAsyncExecuteComplete (uv_work_t* req) {
                                                 ^
/home/kolban/esp32/esptest/apps/workspace/duktape/components/duktape/debugger/node_modules/socket.io/node_modules/socket.io-client/node_modules/engine.io-client/node_modules/ws/node_modules/nan/nan.h: In function ‘void NanAsyncQueueWorker(NanAsyncWorker*)’:
/home/kolban/esp32/esptest/apps/workspace/duktape/components/duktape/debugger/node_modules/socket.io/node_modules/socket.io-client/node_modules/engine.io-client/node_modules/ws/node_modules/nan/nan.h:568:23: error: ‘uv_default_loop’ was not declared in this scope
       uv_default_loop()
                       ^
/home/kolban/esp32/esptest/apps/workspace/duktape/components/duktape/debugger/node_modules/socket.io/node_modules/socket.io-client/node_modules/engine.io-client/node_modules/ws/node_modules/nan/nan.h:569:16: error: ‘class NanAsyncWorker’ has no member named ‘request’
     , &worker->request
                ^
/home/kolban/esp32/esptest/apps/workspace/duktape/components/duktape/debugger/node_modules/socket.io/node_modules/socket.io-client/node_modules/engine.io-client/node_modules/ws/node_modules/nan/nan.h:570:7: error: ‘NanAsyncExecute’ was not declared in this scope
     , NanAsyncExecute
       ^
/home/kolban/esp32/esptest/apps/workspace/duktape/components/duktape/debugger/node_modules/socket.io/node_modules/socket.io-client/node_modules/engine.io-client/node_modules/ws/node_modules/nan/nan.h:571:8: error: ‘uv_after_work_cb’ was not declared in this scope
     , (uv_after_work_cb)NanAsyncExecuteComplete
        ^
/home/kolban/esp32/esptest/apps/workspace/duktape/components/duktape/debugger/node_modules/socket.io/node_modules/socket.io-client/node_modules/engine.io-client/node_modules/ws/node_modules/nan/nan.h:572:3: error: ‘uv_queue_work’ was not declared in this scope
   );
   ^
/home/kolban/esp32/esptest/apps/workspace/duktape/components/duktape/debugger/node_modules/socket.io/node_modules/socket.io-client/node_modules/engine.io-client/node_modules/ws/node_modules/nan/nan.h: In function ‘bool _NanGetExternalParts(v8::Handle<v8::Value>, const char**, size_t*)’:
/home/kolban/esp32/esptest/apps/workspace/duktape/components/duktape/debugger/node_modules/socket.io/node_modules/socket.io-client/node_modules/engine.io-client/node_modules/ws/node_modules/nan/nan.h:716:78: error: no matching function for call to ‘v8::Local<v8::String>::New(v8::Local<v8::String>)’
   v8::Local<v8::String> str = v8::Local<v8::String>::New(val.As<v8::String>());
                                                                              ^
In file included from ../src/bufferutil.cc:7:0:
/home/kolban/.node-gyp/4.4.2/include/node/v8.h:297:29: note: candidate: static v8::Local<T> v8::Local<T>::New(v8::Isolate*, v8::Local<T>) [with T = v8::String]
   V8_INLINE static Local<T> New(Isolate* isolate, Local<T> that);
                             ^
/home/kolban/.node-gyp/4.4.2/include/node/v8.h:297:29: note:   candidate expects 2 arguments, 1 provided
/home/kolban/.node-gyp/4.4.2/include/node/v8.h:298:29: note: candidate: static v8::Local<T> v8::Local<T>::New(v8::Isolate*, const v8::PersistentBase<T>&) [with T = v8::String]
   V8_INLINE static Local<T> New(Isolate* isolate,
                             ^
/home/kolban/.node-gyp/4.4.2/include/node/v8.h:298:29: note:   candidate expects 2 arguments, 1 provided
/home/kolban/.node-gyp/4.4.2/include/node/v8.h:328:29: note: candidate: static v8::Local<T> v8::Local<T>::New(v8::Isolate*, T*) [with T = v8::String]
   V8_INLINE static Local<T> New(Isolate* isolate, T* that);
                             ^
/home/kolban/.node-gyp/4.4.2/include/node/v8.h:328:29: note:   candidate expects 2 arguments, 1 provided
In file included from ../src/bufferutil.cc:15:0:
/home/kolban/esp32/esptest/apps/workspace/duktape/components/duktape/debugger/node_modules/socket.io/node_modules/socket.io-client/node_modules/engine.io-client/node_modules/ws/node_modules/nan/nan.h:718:12: error: ‘class v8::String’ has no member named ‘IsExternalAscii’
   if (str->IsExternalAscii()) {
            ^
/home/kolban/esp32/esptest/apps/workspace/duktape/components/duktape/debugger/node_modules/socket.io/node_modules/socket.io-client/node_modules/engine.io-client/node_modules/ws/node_modules/nan/nan.h:719:23: error: ‘ExternalAsciiStringResource’ in ‘class v8::String’ does not name a type
     const v8::String::ExternalAsciiStringResource* ext;
                       ^
/home/kolban/esp32/esptest/apps/workspace/duktape/components/duktape/debugger/node_modules/socket.io/node_modules/socket.io-client/node_modules/engine.io-client/node_modules/ws/node_modules/nan/nan.h:720:5: error: ‘ext’ was not declared in this scope
     ext = str->GetExternalAsciiStringResource();
     ^
/home/kolban/esp32/esptest/apps/workspace/duktape/components/duktape/debugger/node_modules/socket.io/node_modules/socket.io-client/node_modules/engine.io-client/node_modules/ws/node_modules/nan/nan.h:720:16: error: ‘class v8::String’ has no member named ‘GetExternalAsciiStringResource’
     ext = str->GetExternalAsciiStringResource();
                ^
/home/kolban/esp32/esptest/apps/workspace/duktape/components/duktape/debugger/node_modules/socket.io/node_modules/socket.io-client/node_modules/engine.io-client/node_modules/ws/node_modules/nan/nan.h: In function ‘char* NanFromV8String(v8::Handle<v8::Value>, Nan::Encoding, size_t*, char*, size_t, int)’:
/home/kolban/esp32/esptest/apps/workspace/duktape/components/duktape/debugger/node_modules/socket.io/node_modules/socket.io-client/node_modules/engine.io-client/node_modules/ws/node_modules/nan/nan.h:769:3: error: ‘AsciiValue’ is not a member of ‘v8::String’
   v8::String::AsciiValue value(toStr);
   ^
/home/kolban/esp32/esptest/apps/workspace/duktape/components/duktape/debugger/node_modules/socket.io/node_modules/socket.io-client/node_modules/engine.io-client/node_modules/ws/node_modules/nan/nan.h:832:39: error: ‘value’ was not declared in this scope
       sz_ = _nan_base64_decoded_size(*value, toStr->Length());
                                       ^
../src/bufferutil.cc: In static member function ‘static void BufferUtil::Initialize(v8::Handle<v8::Object>)’:
../src/bufferutil.cc:27:58: error: no matching function for call to ‘v8::FunctionTemplate::New(void (&)(const v8::FunctionCallbackInfo<v8::Value>&))’
     Local<FunctionTemplate> t = FunctionTemplate::New(New);
                                                          ^
In file included from ../src/bufferutil.cc:7:0:
/home/kolban/.node-gyp/4.4.2/include/node/v8.h:4349:34: note: candidate: static v8::Local<v8::FunctionTemplate> v8::FunctionTemplate::New(v8::Isolate*, v8::FunctionCallback, v8::Local<v8::Value>, v8::Local<v8::Signature>, int)
   static Local<FunctionTemplate> New(
                                  ^
/home/kolban/.node-gyp/4.4.2/include/node/v8.h:4349:34: note:   no known conversion for argument 1 from ‘void(const v8::FunctionCallbackInfo<v8::Value>&)’ to ‘v8::Isolate*’
../src/bufferutil.cc:32:17: error: ‘NewSymbol’ is not a member of ‘v8::String’
     target->Set(String::NewSymbol("BufferUtil"), t->GetFunction());
                 ^
In file included from ../src/bufferutil.cc:15:0:
../src/bufferutil.cc: In static member function ‘static void BufferUtil::Merge(const v8::FunctionCallbackInfo<v8::Value>&)’:
../src/bufferutil.cc:60:25: error: too few arguments to function ‘v8::Local<v8::Boolean> v8::True(v8::Isolate*)’
     NanReturnValue(True());
                         ^
/home/kolban/esp32/esptest/apps/workspace/duktape/components/duktape/debugger/node_modules/socket.io/node_modules/socket.io-client/node_modules/engine.io-client/node_modules/ws/node_modules/nan/nan.h:195:65: note: in definition of macro ‘NanReturnValue’
 # define NanReturnValue(value) return args.GetReturnValue().Set(value)
                                                                 ^
In file included from ../src/bufferutil.cc:7:0:
/home/kolban/.node-gyp/4.4.2/include/node/v8.h:8139:16: note: declared here
 Local<Boolean> True(Isolate* isolate) {
                ^
In file included from ../src/bufferutil.cc:15:0:
/home/kolban/esp32/esptest/apps/workspace/duktape/components/duktape/debugger/node_modules/socket.io/node_modules/socket.io-client/node_modules/engine.io-client/node_modules/ws/node_modules/nan/nan.h:195:70: error: return-statement with a value, in function returning 'void' [-fpermissive]
 # define NanReturnValue(value) return args.GetReturnValue().Set(value)
                                                                      ^
../src/bufferutil.cc:60:5: note: in expansion of macro ‘NanReturnValue’
     NanReturnValue(True());
     ^
../src/bufferutil.cc: In static member function ‘static void BufferUtil::Unmask(const v8::FunctionCallbackInfo<v8::Value>&)’:
../src/bufferutil.cc:81:25: error: too few arguments to function ‘v8::Local<v8::Boolean> v8::True(v8::Isolate*)’
     NanReturnValue(True());
                         ^
/home/kolban/esp32/esptest/apps/workspace/duktape/components/duktape/debugger/node_modules/socket.io/node_modules/socket.io-client/node_modules/engine.io-client/node_modules/ws/node_modules/nan/nan.h:195:65: note: in definition of macro ‘NanReturnValue’
 # define NanReturnValue(value) return args.GetReturnValue().Set(value)
                                                                 ^
In file included from ../src/bufferutil.cc:7:0:
/home/kolban/.node-gyp/4.4.2/include/node/v8.h:8139:16: note: declared here
 Local<Boolean> True(Isolate* isolate) {
                ^
In file included from ../src/bufferutil.cc:15:0:
/home/kolban/esp32/esptest/apps/workspace/duktape/components/duktape/debugger/node_modules/socket.io/node_modules/socket.io-client/node_modules/engine.io-client/node_modules/ws/node_modules/nan/nan.h:195:70: error: return-statement with a value, in function returning 'void' [-fpermissive]
 # define NanReturnValue(value) return args.GetReturnValue().Set(value)
                                                                      ^
../src/bufferutil.cc:81:5: note: in expansion of macro ‘NanReturnValue’
     NanReturnValue(True());
     ^
../src/bufferutil.cc: In static member function ‘static void BufferUtil::Mask(const v8::FunctionCallbackInfo<v8::Value>&)’:
../src/bufferutil.cc:106:25: error: too few arguments to function ‘v8::Local<v8::Boolean> v8::True(v8::Isolate*)’
     NanReturnValue(True());
                         ^
/home/kolban/esp32/esptest/apps/workspace/duktape/components/duktape/debugger/node_modules/socket.io/node_modules/socket.io-client/node_modules/engine.io-client/node_modules/ws/node_modules/nan/nan.h:195:65: note: in definition of macro ‘NanReturnValue’
 # define NanReturnValue(value) return args.GetReturnValue().Set(value)
                                                                 ^
In file included from ../src/bufferutil.cc:7:0:
/home/kolban/.node-gyp/4.4.2/include/node/v8.h:8139:16: note: declared here
 Local<Boolean> True(Isolate* isolate) {
                ^
In file included from ../src/bufferutil.cc:15:0:
/home/kolban/esp32/esptest/apps/workspace/duktape/components/duktape/debugger/node_modules/socket.io/node_modules/socket.io-client/node_modules/engine.io-client/node_modules/ws/node_modules/nan/nan.h:195:70: error: return-statement with a value, in function returning 'void' [-fpermissive]
 # define NanReturnValue(value) return args.GetReturnValue().Set(value)
                                                                      ^
../src/bufferutil.cc:106:5: note: in expansion of macro ‘NanReturnValue’
     NanReturnValue(True());
     ^
/home/kolban/esp32/esptest/apps/workspace/duktape/components/duktape/debugger/node_modules/socket.io/node_modules/socket.io-client/node_modules/engine.io-client/node_modules/ws/node_modules/nan/nan.h: In instantiation of ‘void NanDispose(v8::Persistent<T, v8::NonCopyablePersistentTraits<T> >&) [with T = v8::Object]’:
/home/kolban/esp32/esptest/apps/workspace/duktape/components/duktape/debugger/node_modules/socket.io/node_modules/socket.io-client/node_modules/engine.io-client/node_modules/ws/node_modules/nan/nan.h:498:34:   required from here
/home/kolban/esp32/esptest/apps/workspace/duktape/components/duktape/debugger/node_modules/socket.io/node_modules/socket.io-client/node_modules/engine.io-client/node_modules/ws/node_modules/nan/nan.h:237:5: error: ‘class v8::Persistent<v8::Object>’ has no member named ‘Dispose’
     handle.Dispose(nan_isolate);
     ^
/home/kolban/esp32/esptest/apps/workspace/duktape/components/duktape/debugger/node_modules/socket.io/node_modules/socket.io-client/node_modules/engine.io-client/node_modules/ws/node_modules/nan/nan.h:238:5: error: ‘class v8::Persistent<v8::Object>’ has no member named ‘Clear’
     handle.Clear();
     ^
make[1]: *** [Release/obj.target/bufferutil/src/bufferutil.o] Error 1
gyp ERR! build error 
gyp ERR! stack Error: `make` failed with exit code: 2
gyp ERR! stack     at ChildProcess.onExit (/usr/lib/node_modules/npm/node_modules/node-gyp/lib/build.js:276:23)
gyp ERR! stack     at emitTwo (events.js:87:13)
gyp ERR! stack     at ChildProcess.emit (events.js:172:7)
gyp ERR! stack     at Process.ChildProcess._handle.onexit (internal/child_process.js:200:12)
gyp ERR! System Linux 4.4.0-53-generic
gyp ERR! command "/usr/bin/nodejs" "/usr/lib/node_modules/npm/node_modules/node-gyp/bin/node-gyp.js" "rebuild"
gyp ERR! cwd /home/kolban/esp32/esptest/apps/workspace/duktape/components/duktape/debugger/node_modules/socket.io/node_modules/socket.io-client/node_modules/engine.io-client/node_modules/ws
gyp ERR! node -v v4.4.2
gyp ERR! node-gyp -v v3.3.1
gyp ERR! not ok 
